.call-button {
  background-color: #E53935;
  color: white;
  border: none;
  padding: 14px 22px;
  border-radius: 50px;
  font-size: 16px;
  font-weight: bold;
  cursor: pointer;
  display: flex;
  align-items: center;
  gap: 8px;
  box-shadow: 0 4px 15px rgba(229,57,53,0.5);
  animation: pulse-call 2s infinite;
  font-family: Arial, sans-serif;
}

@keyframes pulse-call {
  0% { box-shadow: 0 0 0 0 rgba(229,57,53,0.6); }
  70% { box-shadow: 0 0 0 15px rgba(229,57,53,0); }
  100% { box-shadow: 0 0 0 0 rgba(229,57,53,0); }
}

